  Settings.cpp
  imgui_impl_glfw.cpp
  imgui_impl_opengl3.cpp
  imgui.cpp
  imgui_demo.cpp
  imgui_draw.cpp
  imgui_tables.cpp
  imgui_widgets.cpp
  KeyboardController.cpp
  MouseController.cpp
  Collider.cpp
  CollisionManager.cpp
  Entity2D.cpp
  Entity3D.cpp
  LevelOfDetails.cpp
  Mesh.cpp
  MeshBuilder.cpp
  SpriteAnimation.cpp
C:\Users\avxl0\OneDrive\Desktop\School work\Year 2\Sem 1\self\2D Game Creation\NYP_Framework_Week01\NYP_Framework_Week01\Library\Source\Primitives\SpriteAnimation.cpp(75,62): warning C4244: 'argument': conversion from 'double' to 'const unsigned int', possible loss of data
  ShaderManager.cpp
  ImageLoader.cpp
  Generating Code...
  Compiling...
  LoadOBJ.cpp
  FPSCounter.cpp
  StopWatch.cpp
  Generating Code...
  Library.vcxproj -> C:\Users\avxl0\OneDrive\Desktop\School work\Year 2\Sem 1\self\2D Game Creation\NYP_Framework_Week01\NYP_Framework_Week01\Debug\Library.lib
