c:\users\avxl0\onedrive\desktop\school work\year 2\sem 1\self\2d game creation\nyp_framework_week01\nyp_framework_week01\app\debug\vc142.pdb
c:\users\avxl0\onedrive\desktop\school work\year 2\sem 1\self\2d game creation\nyp_framework_week01\nyp_framework_week01\app\debug\vc142.idb
c:\users\avxl0\onedrive\desktop\school work\year 2\sem 1\self\2d game creation\nyp_framework_week01\nyp_framework_week01\app\debug\scene2d.obj
c:\users\avxl0\onedrive\desktop\school work\year 2\sem 1\self\2d game creation\nyp_framework_week01\nyp_framework_week01\app\debug\player2d.obj
c:\users\avxl0\onedrive\desktop\school work\year 2\sem 1\self\2d game creation\nyp_framework_week01\nyp_framework_week01\app\debug\physics2d.obj
c:\users\avxl0\onedrive\desktop\school work\year 2\sem 1\self\2d game creation\nyp_framework_week01\nyp_framework_week01\app\debug\map2d.obj
c:\users\avxl0\onedrive\desktop\school work\year 2\sem 1\self\2d game creation\nyp_framework_week01\nyp_framework_week01\app\debug\inventorymanager.obj
c:\users\avxl0\onedrive\desktop\school work\year 2\sem 1\self\2d game creation\nyp_framework_week01\nyp_framework_week01\app\debug\inventoryitem.obj
c:\users\avxl0\onedrive\desktop\school work\year 2\sem 1\self\2d game creation\nyp_framework_week01\nyp_framework_week01\app\debug\gui_scene2d.obj
c:\users\avxl0\onedrive\desktop\school work\year 2\sem 1\self\2d game creation\nyp_framework_week01\nyp_framework_week01\app\debug\main.obj
c:\users\avxl0\onedrive\desktop\school work\year 2\sem 1\self\2d game creation\nyp_framework_week01\nyp_framework_week01\app\debug\application.obj
c:\users\avxl0\onedrive\desktop\school work\year 2\sem 1\self\2d game creation\nyp_framework_week01\nyp_framework_week01\debug\app.exe
c:\users\avxl0\onedrive\desktop\school work\year 2\sem 1\self\2d game creation\nyp_framework_week01\nyp_framework_week01\app\debug\app.ilk
c:\users\avxl0\onedrive\desktop\school work\year 2\sem 1\self\2d game creation\nyp_framework_week01\nyp_framework_week01\debug\app.pdb
c:\users\avxl0\onedrive\desktop\school work\year 2\sem 1\self\2d game creation\nyp_framework_week01\nyp_framework_week01\app\debug\player2d.obj.enc
c:\users\avxl0\onedrive\desktop\school work\year 2\sem 1\self\2d game creation\nyp_framework_week01\nyp_framework_week01\app\debug\app.tlog\cl.command.1.tlog
c:\users\avxl0\onedrive\desktop\school work\year 2\sem 1\self\2d game creation\nyp_framework_week01\nyp_framework_week01\app\debug\app.tlog\cl.read.1.tlog
c:\users\avxl0\onedrive\desktop\school work\year 2\sem 1\self\2d game creation\nyp_framework_week01\nyp_framework_week01\app\debug\app.tlog\cl.write.1.tlog
c:\users\avxl0\onedrive\desktop\school work\year 2\sem 1\self\2d game creation\nyp_framework_week01\nyp_framework_week01\app\debug\app.tlog\link.command.1.tlog
c:\users\avxl0\onedrive\desktop\school work\year 2\sem 1\self\2d game creation\nyp_framework_week01\nyp_framework_week01\app\debug\app.tlog\link.read.1.tlog
c:\users\avxl0\onedrive\desktop\school work\year 2\sem 1\self\2d game creation\nyp_framework_week01\nyp_framework_week01\app\debug\app.tlog\link.write.1.tlog
